{"C:\\Users\\Tristan\\Desktop\\epsi taff\\mspr\\api\\index.js": {"path":"C:\\Users\\Tristan\\Desktop\\epsi taff\\mspr\\api\\index.js","statementMap":{"0":{"start":{"line":1,"column":0},"end":{"line":1,"column":27}},"1":{"start":{"line":3,"column":16},"end":{"line":3,"column":34}},"2":{"start":{"line":4,"column":12},"end":{"line":4,"column":21}},"3":{"start":{"line":5,"column":13},"end":{"line":5,"column":30}},"4":{"start":{"line":6,"column":18},"end":{"line":6,"column":47}},"5":{"start":{"line":7,"column":24},"end":{"line":7,"column":51}},"6":{"start":{"line":8,"column":20},"end":{"line":8,"column":55}},"7":{"start":{"line":13,"column":13},"end":{"line":13,"column":35}},"8":{"start":{"line":14,"column":0},"end":{"line":14,"column":56}},"9":{"start":{"line":15,"column":0},"end":{"line":15,"column":61}},"10":{"start":{"line":18,"column":14},"end":{"line":18,"column":39}},"11":{"start":{"line":19,"column":15},"end":{"line":19,"column":49}},"12":{"start":{"line":43,"column":19},"end":{"line":52,"column":2}},"13":{"start":{"line":68,"column":0},"end":{"line":68,"column":24}},"14":{"start":{"line":71,"column":0},"end":{"line":81,"column":1}},"15":{"start":{"line":72,"column":23},"end":{"line":72,"column":64}},"16":{"start":{"line":73,"column":2},"end":{"line":77,"column":3}},"17":{"start":{"line":74,"column":4},"end":{"line":76,"column":5}},"18":{"start":{"line":75,"column":6},"end":{"line":75,"column":41}},"19":{"start":{"line":78,"column":2},"end":{"line":80,"column":4}},"20":{"start":{"line":83,"column":0},"end":{"line":83,"column":72}},"21":{"start":{"line":85,"column":13},"end":{"line":85,"column":28}},"22":{"start":{"line":87,"column":15},"end":{"line":87,"column":32}},"23":{"start":{"line":89,"column":13},"end":{"line":89,"column":37}},"24":{"start":{"line":91,"column":0},"end":{"line":91,"column":16}},"25":{"start":{"line":92,"column":0},"end":{"line":92,"column":24}},"26":{"start":{"line":94,"column":0},"end":{"line":102,"column":3}},"27":{"start":{"line":95,"column":2},"end":{"line":95,"column":49}},"28":{"start":{"line":96,"column":2},"end":{"line":96,"column":80}},"29":{"start":{"line":97,"column":2},"end":{"line":100,"column":4}},"30":{"start":{"line":101,"column":2},"end":{"line":101,"column":9}},"31":{"start":{"line":104,"column":0},"end":{"line":104,"column":52}},"32":{"start":{"line":104,"column":31},"end":{"line":104,"column":50}},"33":{"start":{"line":106,"column":0},"end":{"line":106,"column":72}},"34":{"start":{"line":108,"column":0},"end":{"line":110,"column":3}},"35":{"start":{"line":109,"column":2},"end":{"line":109,"column":46}},"36":{"start":{"line":230,"column":0},"end":{"line":230,"column":45}},"37":{"start":{"line":235,"column":0},"end":{"line":949,"column":1}},"38":{"start":{"line":243,"column":2},"end":{"line":250,"column":5}},"39":{"start":{"line":244,"column":4},"end":{"line":249,"column":5}},"40":{"start":{"line":245,"column":24},"end":{"line":245,"column":73}},"41":{"start":{"line":246,"column":6},"end":{"line":246,"column":24}},"42":{"start":{"line":248,"column":6},"end":{"line":248,"column":51}},"43":{"start":{"line":252,"column":2},"end":{"line":262,"column":5}},"44":{"start":{"line":253,"column":4},"end":{"line":261,"column":5}},"45":{"start":{"line":254,"column":24},"end":{"line":257,"column":7}},"46":{"start":{"line":258,"column":6},"end":{"line":258,"column":33}},"47":{"start":{"line":260,"column":6},"end":{"line":260,"column":51}},"48":{"start":{"line":285,"column":2},"end":{"line":296,"column":5}},"49":{"start":{"line":286,"column":39},"end":{"line":286,"column":47}},"50":{"start":{"line":287,"column":4},"end":{"line":289,"column":5}},"51":{"start":{"line":288,"column":6},"end":{"line":288,"column":78}},"52":{"start":{"line":290,"column":4},"end":{"line":295,"column":5}},"53":{"start":{"line":291,"column":6},"end":{"line":291,"column":70}},"54":{"start":{"line":292,"column":6},"end":{"line":292,"column":37}},"55":{"start":{"line":294,"column":6},"end":{"line":294,"column":51}},"56":{"start":{"line":309,"column":2},"end":{"line":319,"column":5}},"57":{"start":{"line":310,"column":4},"end":{"line":318,"column":5}},"58":{"start":{"line":311,"column":6},"end":{"line":314,"column":9}},"59":{"start":{"line":315,"column":6},"end":{"line":315,"column":64}},"60":{"start":{"line":317,"column":6},"end":{"line":317,"column":51}},"61":{"start":{"line":332,"column":2},"end":{"line":341,"column":5}},"62":{"start":{"line":333,"column":4},"end":{"line":340,"column":5}},"63":{"start":{"line":334,"column":6},"end":{"line":336,"column":9}},"64":{"start":{"line":337,"column":6},"end":{"line":337,"column":62}},"65":{"start":{"line":339,"column":6},"end":{"line":339,"column":51}},"66":{"start":{"line":404,"column":2},"end":{"line":413,"column":5}},"67":{"start":{"line":405,"column":4},"end":{"line":412,"column":5}},"68":{"start":{"line":406,"column":24},"end":{"line":408,"column":7}},"69":{"start":{"line":409,"column":6},"end":{"line":409,"column":24}},"70":{"start":{"line":411,"column":6},"end":{"line":411,"column":51}},"71":{"start":{"line":415,"column":2},"end":{"line":425,"column":5}},"72":{"start":{"line":416,"column":4},"end":{"line":424,"column":5}},"73":{"start":{"line":417,"column":24},"end":{"line":420,"column":7}},"74":{"start":{"line":421,"column":6},"end":{"line":421,"column":33}},"75":{"start":{"line":423,"column":6},"end":{"line":423,"column":51}},"76":{"start":{"line":427,"column":2},"end":{"line":438,"column":5}},"77":{"start":{"line":428,"column":43},"end":{"line":428,"column":51}},"78":{"start":{"line":429,"column":4},"end":{"line":431,"column":5}},"79":{"start":{"line":430,"column":6},"end":{"line":430,"column":78}},"80":{"start":{"line":432,"column":4},"end":{"line":437,"column":5}},"81":{"start":{"line":433,"column":6},"end":{"line":433,"column":65}},"82":{"start":{"line":434,"column":6},"end":{"line":434,"column":37}},"83":{"start":{"line":436,"column":6},"end":{"line":436,"column":51}},"84":{"start":{"line":440,"column":2},"end":{"line":450,"column":5}},"85":{"start":{"line":441,"column":4},"end":{"line":449,"column":5}},"86":{"start":{"line":442,"column":6},"end":{"line":445,"column":9}},"87":{"start":{"line":446,"column":6},"end":{"line":446,"column":59}},"88":{"start":{"line":448,"column":6},"end":{"line":448,"column":51}},"89":{"start":{"line":452,"column":2},"end":{"line":461,"column":5}},"90":{"start":{"line":453,"column":4},"end":{"line":460,"column":5}},"91":{"start":{"line":454,"column":6},"end":{"line":456,"column":9}},"92":{"start":{"line":457,"column":6},"end":{"line":457,"column":57}},"93":{"start":{"line":459,"column":6},"end":{"line":459,"column":51}},"94":{"start":{"line":535,"column":2},"end":{"line":547,"column":5}},"95":{"start":{"line":536,"column":4},"end":{"line":546,"column":5}},"96":{"start":{"line":537,"column":24},"end":{"line":542,"column":6}},"97":{"start":{"line":543,"column":6},"end":{"line":543,"column":24}},"98":{"start":{"line":545,"column":6},"end":{"line":545,"column":51}},"99":{"start":{"line":550,"column":2},"end":{"line":566,"column":5}},"100":{"start":{"line":551,"column":4},"end":{"line":565,"column":5}},"101":{"start":{"line":552,"column":24},"end":{"line":561,"column":7}},"102":{"start":{"line":562,"column":6},"end":{"line":562,"column":33}},"103":{"start":{"line":564,"column":6},"end":{"line":564,"column":51}},"104":{"start":{"line":569,"column":2},"end":{"line":583,"column":5}},"105":{"start":{"line":570,"column":62},"end":{"line":570,"column":70}},"106":{"start":{"line":571,"column":4},"end":{"line":573,"column":5}},"107":{"start":{"line":572,"column":6},"end":{"line":572,"column":79}},"108":{"start":{"line":574,"column":4},"end":{"line":582,"column":5}},"109":{"start":{"line":575,"column":23},"end":{"line":578,"column":7}},"110":{"start":{"line":579,"column":6},"end":{"line":579,"column":65}},"111":{"start":{"line":581,"column":6},"end":{"line":581,"column":51}},"112":{"start":{"line":586,"column":2},"end":{"line":596,"column":5}},"113":{"start":{"line":587,"column":4},"end":{"line":595,"column":5}},"114":{"start":{"line":588,"column":6},"end":{"line":591,"column":9}},"115":{"start":{"line":592,"column":6},"end":{"line":592,"column":57}},"116":{"start":{"line":594,"column":6},"end":{"line":594,"column":51}},"117":{"start":{"line":599,"column":2},"end":{"line":608,"column":5}},"118":{"start":{"line":600,"column":4},"end":{"line":607,"column":5}},"119":{"start":{"line":601,"column":6},"end":{"line":603,"column":9}},"120":{"start":{"line":604,"column":6},"end":{"line":604,"column":55}},"121":{"start":{"line":606,"column":6},"end":{"line":606,"column":51}},"122":{"start":{"line":693,"column":2},"end":{"line":705,"column":5}},"123":{"start":{"line":694,"column":4},"end":{"line":704,"column":5}},"124":{"start":{"line":695,"column":24},"end":{"line":700,"column":6}},"125":{"start":{"line":701,"column":6},"end":{"line":701,"column":24}},"126":{"start":{"line":703,"column":6},"end":{"line":703,"column":51}},"127":{"start":{"line":708,"column":2},"end":{"line":724,"column":5}},"128":{"start":{"line":709,"column":4},"end":{"line":723,"column":5}},"129":{"start":{"line":710,"column":24},"end":{"line":719,"column":7}},"130":{"start":{"line":720,"column":6},"end":{"line":720,"column":33}},"131":{"start":{"line":722,"column":6},"end":{"line":722,"column":51}},"132":{"start":{"line":727,"column":2},"end":{"line":741,"column":5}},"133":{"start":{"line":728,"column":70},"end":{"line":728,"column":78}},"134":{"start":{"line":729,"column":4},"end":{"line":731,"column":5}},"135":{"start":{"line":730,"column":6},"end":{"line":730,"column":79}},"136":{"start":{"line":732,"column":4},"end":{"line":740,"column":5}},"137":{"start":{"line":733,"column":23},"end":{"line":736,"column":7}},"138":{"start":{"line":737,"column":6},"end":{"line":737,"column":65}},"139":{"start":{"line":739,"column":6},"end":{"line":739,"column":51}},"140":{"start":{"line":744,"column":2},"end":{"line":754,"column":5}},"141":{"start":{"line":745,"column":4},"end":{"line":753,"column":5}},"142":{"start":{"line":746,"column":6},"end":{"line":749,"column":9}},"143":{"start":{"line":750,"column":6},"end":{"line":750,"column":58}},"144":{"start":{"line":752,"column":6},"end":{"line":752,"column":51}},"145":{"start":{"line":757,"column":2},"end":{"line":766,"column":5}},"146":{"start":{"line":758,"column":4},"end":{"line":765,"column":5}},"147":{"start":{"line":759,"column":6},"end":{"line":761,"column":9}},"148":{"start":{"line":762,"column":6},"end":{"line":762,"column":56}},"149":{"start":{"line":764,"column":6},"end":{"line":764,"column":51}},"150":{"start":{"line":862,"column":2},"end":{"line":874,"column":5}},"151":{"start":{"line":863,"column":4},"end":{"line":873,"column":5}},"152":{"start":{"line":864,"column":24},"end":{"line":869,"column":6}},"153":{"start":{"line":870,"column":6},"end":{"line":870,"column":24}},"154":{"start":{"line":872,"column":6},"end":{"line":872,"column":51}},"155":{"start":{"line":877,"column":2},"end":{"line":893,"column":5}},"156":{"start":{"line":878,"column":4},"end":{"line":892,"column":5}},"157":{"start":{"line":879,"column":24},"end":{"line":888,"column":7}},"158":{"start":{"line":889,"column":6},"end":{"line":889,"column":33}},"159":{"start":{"line":891,"column":6},"end":{"line":891,"column":51}},"160":{"start":{"line":896,"column":2},"end":{"line":917,"column":5}},"161":{"start":{"line":898,"column":6},"end":{"line":898,"column":14}},"162":{"start":{"line":899,"column":4},"end":{"line":907,"column":5}},"163":{"start":{"line":906,"column":6},"end":{"line":906,"column":79}},"164":{"start":{"line":908,"column":4},"end":{"line":916,"column":5}},"165":{"start":{"line":909,"column":23},"end":{"line":912,"column":7}},"166":{"start":{"line":913,"column":6},"end":{"line":913,"column":65}},"167":{"start":{"line":915,"column":6},"end":{"line":915,"column":51}},"168":{"start":{"line":920,"column":2},"end":{"line":930,"column":5}},"169":{"start":{"line":921,"column":4},"end":{"line":929,"column":5}},"170":{"start":{"line":922,"column":6},"end":{"line":925,"column":9}},"171":{"start":{"line":926,"column":6},"end":{"line":926,"column":61}},"172":{"start":{"line":928,"column":6},"end":{"line":928,"column":51}},"173":{"start":{"line":933,"column":2},"end":{"line":942,"column":5}},"174":{"start":{"line":934,"column":4},"end":{"line":941,"column":5}},"175":{"start":{"line":935,"column":6},"end":{"line":937,"column":9}},"176":{"start":{"line":938,"column":6},"end":{"line":938,"column":59}},"177":{"start":{"line":940,"column":6},"end":{"line":940,"column":51}},"178":{"start":{"line":944,"column":2},"end":{"line":944,"column":59}},"179":{"start":{"line":946,"column":2},"end":{"line":948,"column":4}},"180":{"start":{"line":963,"column":0},"end":{"line":970,"column":3}},"181":{"start":{"line":964,"column":2},"end":{"line":969,"column":3}},"182":{"start":{"line":965,"column":22},"end":{"line":965,"column":67}},"183":{"start":{"line":966,"column":4},"end":{"line":966,"column":22}},"184":{"start":{"line":968,"column":4},"end":{"line":968,"column":49}},"185":{"start":{"line":1009,"column":0},"end":{"line":1029,"column":3}},"186":{"start":{"line":1010,"column":31},"end":{"line":1010,"column":39}},"187":{"start":{"line":1012,"column":2},"end":{"line":1016,"column":3}},"188":{"start":{"line":1013,"column":4},"end":{"line":1015,"column":7}},"189":{"start":{"line":1018,"column":2},"end":{"line":1028,"column":3}},"190":{"start":{"line":1019,"column":27},"end":{"line":1019,"column":53}},"191":{"start":{"line":1020,"column":20},"end":{"line":1020,"column":56}},"192":{"start":{"line":1021,"column":22},"end":{"line":1024,"column":5}},"193":{"start":{"line":1025,"column":4},"end":{"line":1025,"column":64}},"194":{"start":{"line":1027,"column":4},"end":{"line":1027,"column":49}},"195":{"start":{"line":1058,"column":0},"end":{"line":1078,"column":3}},"196":{"start":{"line":1059,"column":31},"end":{"line":1059,"column":39}},"197":{"start":{"line":1061,"column":2},"end":{"line":1065,"column":3}},"198":{"start":{"line":1062,"column":4},"end":{"line":1064,"column":7}},"199":{"start":{"line":1067,"column":2},"end":{"line":1077,"column":3}},"200":{"start":{"line":1068,"column":27},"end":{"line":1068,"column":53}},"201":{"start":{"line":1069,"column":24},"end":{"line":1069,"column":60}},"202":{"start":{"line":1070,"column":4},"end":{"line":1073,"column":7}},"203":{"start":{"line":1074,"column":4},"end":{"line":1074,"column":64}},"204":{"start":{"line":1076,"column":4},"end":{"line":1076,"column":49}},"205":{"start":{"line":1088,"column":0},"end":{"line":1095,"column":3}},"206":{"start":{"line":1089,"column":2},"end":{"line":1094,"column":3}},"207":{"start":{"line":1090,"column":4},"end":{"line":1090,"column":78}},"208":{"start":{"line":1091,"column":4},"end":{"line":1091,"column":62}},"209":{"start":{"line":1093,"column":4},"end":{"line":1093,"column":49}},"210":{"start":{"line":1134,"column":0},"end":{"line":1173,"column":3}},"211":{"start":{"line":1135,"column":25},"end":{"line":1135,"column":33}},"212":{"start":{"line":1137,"column":2},"end":{"line":1139,"column":3}},"213":{"start":{"line":1138,"column":4},"end":{"line":1138,"column":76}},"214":{"start":{"line":1141,"column":2},"end":{"line":1172,"column":3}},"215":{"start":{"line":1142,"column":22},"end":{"line":1145,"column":5}},"216":{"start":{"line":1146,"column":4},"end":{"line":1148,"column":5}},"217":{"start":{"line":1147,"column":6},"end":{"line":1147,"column":73}},"218":{"start":{"line":1150,"column":17},"end":{"line":1150,"column":27}},"219":{"start":{"line":1151,"column":20},"end":{"line":1151,"column":55}},"220":{"start":{"line":1153,"column":4},"end":{"line":1155,"column":5}},"221":{"start":{"line":1154,"column":6},"end":{"line":1154,"column":73}},"222":{"start":{"line":1157,"column":16},"end":{"line":1157,"column":39}},"223":{"start":{"line":1158,"column":18},"end":{"line":1162,"column":5}},"224":{"start":{"line":1164,"column":4},"end":{"line":1169,"column":7}},"225":{"start":{"line":1171,"column":4},"end":{"line":1171,"column":49}},"226":{"start":{"line":1175,"column":0},"end":{"line":1175,"column":37}}},"fnMap":{"0":{"name":"(anonymous_0)","decl":{"start":{"line":94,"column":8},"end":{"line":94,"column":9}},"loc":{"start":{"line":94,"column":28},"end":{"line":102,"column":1}},"line":94},"1":{"name":"(anonymous_1)","decl":{"start":{"line":104,"column":17},"end":{"line":104,"column":18}},"loc":{"start":{"line":104,"column":31},"end":{"line":104,"column":50}},"line":104},"2":{"name":"(anonymous_2)","decl":{"start":{"line":108,"column":13},"end":{"line":108,"column":14}},"loc":{"start":{"line":108,"column":27},"end":{"line":110,"column":1}},"line":108},"3":{"name":"(anonymous_3)","decl":{"start":{"line":243,"column":25},"end":{"line":243,"column":26}},"loc":{"start":{"line":243,"column":45},"end":{"line":250,"column":3}},"line":243},"4":{"name":"(anonymous_4)","decl":{"start":{"line":252,"column":38},"end":{"line":252,"column":39}},"loc":{"start":{"line":252,"column":58},"end":{"line":262,"column":3}},"line":252},"5":{"name":"(anonymous_5)","decl":{"start":{"line":285,"column":26},"end":{"line":285,"column":27}},"loc":{"start":{"line":285,"column":46},"end":{"line":296,"column":3}},"line":285},"6":{"name":"(anonymous_6)","decl":{"start":{"line":309,"column":38},"end":{"line":309,"column":39}},"loc":{"start":{"line":309,"column":58},"end":{"line":319,"column":3}},"line":309},"7":{"name":"(anonymous_7)","decl":{"start":{"line":332,"column":41},"end":{"line":332,"column":42}},"loc":{"start":{"line":332,"column":61},"end":{"line":341,"column":3}},"line":332},"8":{"name":"(anonymous_8)","decl":{"start":{"line":404,"column":19},"end":{"line":404,"column":20}},"loc":{"start":{"line":404,"column":39},"end":{"line":413,"column":3}},"line":404},"9":{"name":"(anonymous_9)","decl":{"start":{"line":415,"column":28},"end":{"line":415,"column":29}},"loc":{"start":{"line":415,"column":48},"end":{"line":425,"column":3}},"line":415},"10":{"name":"(anonymous_10)","decl":{"start":{"line":427,"column":20},"end":{"line":427,"column":21}},"loc":{"start":{"line":427,"column":40},"end":{"line":438,"column":3}},"line":427},"11":{"name":"(anonymous_11)","decl":{"start":{"line":440,"column":28},"end":{"line":440,"column":29}},"loc":{"start":{"line":440,"column":48},"end":{"line":450,"column":3}},"line":440},"12":{"name":"(anonymous_12)","decl":{"start":{"line":452,"column":31},"end":{"line":452,"column":32}},"loc":{"start":{"line":452,"column":51},"end":{"line":461,"column":3}},"line":452},"13":{"name":"(anonymous_13)","decl":{"start":{"line":535,"column":28},"end":{"line":535,"column":29}},"loc":{"start":{"line":535,"column":48},"end":{"line":547,"column":3}},"line":535},"14":{"name":"(anonymous_14)","decl":{"start":{"line":550,"column":32},"end":{"line":550,"column":33}},"loc":{"start":{"line":550,"column":52},"end":{"line":566,"column":3}},"line":550},"15":{"name":"(anonymous_15)","decl":{"start":{"line":569,"column":29},"end":{"line":569,"column":30}},"loc":{"start":{"line":569,"column":49},"end":{"line":583,"column":3}},"line":569},"16":{"name":"(anonymous_16)","decl":{"start":{"line":586,"column":32},"end":{"line":586,"column":33}},"loc":{"start":{"line":586,"column":52},"end":{"line":596,"column":3}},"line":586},"17":{"name":"(anonymous_17)","decl":{"start":{"line":599,"column":35},"end":{"line":599,"column":36}},"loc":{"start":{"line":599,"column":55},"end":{"line":608,"column":3}},"line":599},"18":{"name":"(anonymous_18)","decl":{"start":{"line":693,"column":29},"end":{"line":693,"column":30}},"loc":{"start":{"line":693,"column":49},"end":{"line":705,"column":3}},"line":693},"19":{"name":"(anonymous_19)","decl":{"start":{"line":708,"column":33},"end":{"line":708,"column":34}},"loc":{"start":{"line":708,"column":53},"end":{"line":724,"column":3}},"line":708},"20":{"name":"(anonymous_20)","decl":{"start":{"line":727,"column":30},"end":{"line":727,"column":31}},"loc":{"start":{"line":727,"column":50},"end":{"line":741,"column":3}},"line":727},"21":{"name":"(anonymous_21)","decl":{"start":{"line":744,"column":33},"end":{"line":744,"column":34}},"loc":{"start":{"line":744,"column":53},"end":{"line":754,"column":3}},"line":744},"22":{"name":"(anonymous_22)","decl":{"start":{"line":757,"column":36},"end":{"line":757,"column":37}},"loc":{"start":{"line":757,"column":56},"end":{"line":766,"column":3}},"line":757},"23":{"name":"(anonymous_23)","decl":{"start":{"line":862,"column":32},"end":{"line":862,"column":33}},"loc":{"start":{"line":862,"column":52},"end":{"line":874,"column":3}},"line":862},"24":{"name":"(anonymous_24)","decl":{"start":{"line":877,"column":36},"end":{"line":877,"column":37}},"loc":{"start":{"line":877,"column":56},"end":{"line":893,"column":3}},"line":877},"25":{"name":"(anonymous_25)","decl":{"start":{"line":896,"column":33},"end":{"line":896,"column":34}},"loc":{"start":{"line":896,"column":53},"end":{"line":917,"column":3}},"line":896},"26":{"name":"(anonymous_26)","decl":{"start":{"line":920,"column":36},"end":{"line":920,"column":37}},"loc":{"start":{"line":920,"column":56},"end":{"line":930,"column":3}},"line":920},"27":{"name":"(anonymous_27)","decl":{"start":{"line":933,"column":39},"end":{"line":933,"column":40}},"loc":{"start":{"line":933,"column":59},"end":{"line":942,"column":3}},"line":933},"28":{"name":"(anonymous_28)","decl":{"start":{"line":963,"column":31},"end":{"line":963,"column":32}},"loc":{"start":{"line":963,"column":51},"end":{"line":970,"column":1}},"line":963},"29":{"name":"(anonymous_29)","decl":{"start":{"line":1009,"column":19},"end":{"line":1009,"column":20}},"loc":{"start":{"line":1009,"column":39},"end":{"line":1029,"column":1}},"line":1009},"30":{"name":"(anonymous_30)","decl":{"start":{"line":1058,"column":35},"end":{"line":1058,"column":36}},"loc":{"start":{"line":1058,"column":55},"end":{"line":1078,"column":1}},"line":1058},"31":{"name":"(anonymous_31)","decl":{"start":{"line":1088,"column":38},"end":{"line":1088,"column":39}},"loc":{"start":{"line":1088,"column":58},"end":{"line":1095,"column":1}},"line":1088},"32":{"name":"(anonymous_32)","decl":{"start":{"line":1134,"column":25},"end":{"line":1134,"column":26}},"loc":{"start":{"line":1134,"column":45},"end":{"line":1173,"column":1}},"line":1134}},"branchMap":{"0":{"loc":{"start":{"line":14,"column":39},"end":{"line":14,"column":54}},"type":"binary-expr","locations":[{"start":{"line":14,"column":39},"end":{"line":14,"column":43}},{"start":{"line":14,"column":47},"end":{"line":14,"column":54}}],"line":14},"1":{"loc":{"start":{"line":19,"column":15},"end":{"line":19,"column":49}},"type":"binary-expr","locations":[{"start":{"line":19,"column":15},"end":{"line":19,"column":34}},{"start":{"line":19,"column":38},"end":{"line":19,"column":49}}],"line":19},"2":{"loc":{"start":{"line":44,"column":8},"end":{"line":44,"column":35}},"type":"binary-expr","locations":[{"start":{"line":44,"column":8},"end":{"line":44,"column":27}},{"start":{"line":44,"column":31},"end":{"line":44,"column":35}}],"line":44},"3":{"loc":{"start":{"line":45,"column":8},"end":{"line":45,"column":37}},"type":"binary-expr","locations":[{"start":{"line":45,"column":8},"end":{"line":45,"column":27}},{"start":{"line":45,"column":31},"end":{"line":45,"column":37}}],"line":45},"4":{"loc":{"start":{"line":46,"column":12},"end":{"line":46,"column":53}},"type":"binary-expr","locations":[{"start":{"line":46,"column":12},"end":{"line":46,"column":35}},{"start":{"line":46,"column":39},"end":{"line":46,"column":53}}],"line":46},"5":{"loc":{"start":{"line":47,"column":12},"end":{"line":47,"column":49}},"type":"binary-expr","locations":[{"start":{"line":47,"column":12},"end":{"line":47,"column":31}},{"start":{"line":47,"column":35},"end":{"line":47,"column":49}}],"line":47},"6":{"loc":{"start":{"line":48,"column":8},"end":{"line":48,"column":35}},"type":"binary-expr","locations":[{"start":{"line":48,"column":8},"end":{"line":48,"column":27}},{"start":{"line":48,"column":31},"end":{"line":48,"column":35}}],"line":48},"7":{"loc":{"start":{"line":71,"column":0},"end":{"line":81,"column":1}},"type":"if","locations":[{"start":{"line":71,"column":0},"end":{"line":81,"column":1}},{"start":{},"end":{}}],"line":71},"8":{"loc":{"start":{"line":71,"column":4},"end":{"line":71,"column":34}},"type":"binary-expr","locations":[{"start":{"line":71,"column":4},"end":{"line":71,"column":17}},{"start":{"line":71,"column":21},"end":{"line":71,"column":34}}],"line":71},"9":{"loc":{"start":{"line":74,"column":4},"end":{"line":76,"column":5}},"type":"if","locations":[{"start":{"line":74,"column":4},"end":{"line":76,"column":5}},{"start":{},"end":{}}],"line":74},"10":{"loc":{"start":{"line":89,"column":13},"end":{"line":89,"column":37}},"type":"binary-expr","locations":[{"start":{"line":89,"column":13},"end":{"line":89,"column":29}},{"start":{"line":89,"column":33},"end":{"line":89,"column":37}}],"line":89},"11":{"loc":{"start":{"line":235,"column":0},"end":{"line":949,"column":1}},"type":"if","locations":[{"start":{"line":235,"column":0},"end":{"line":949,"column":1}},{"start":{"line":945,"column":7},"end":{"line":949,"column":1}}],"line":235},"12":{"loc":{"start":{"line":236,"column":2},"end":{"line":239,"column":22}},"type":"binary-expr","locations":[{"start":{"line":236,"column":2},"end":{"line":236,"column":15}},{"start":{"line":237,"column":2},"end":{"line":237,"column":20}},{"start":{"line":238,"column":2},"end":{"line":238,"column":13}},{"start":{"line":239,"column":2},"end":{"line":239,"column":22}}],"line":236},"13":{"loc":{"start":{"line":258,"column":15},"end":{"line":258,"column":31}},"type":"binary-expr","locations":[{"start":{"line":258,"column":15},"end":{"line":258,"column":25}},{"start":{"line":258,"column":29},"end":{"line":258,"column":31}}],"line":258},"14":{"loc":{"start":{"line":287,"column":4},"end":{"line":289,"column":5}},"type":"if","locations":[{"start":{"line":287,"column":4},"end":{"line":289,"column":5}},{"start":{},"end":{}}],"line":287},"15":{"loc":{"start":{"line":287,"column":8},"end":{"line":287,"column":34}},"type":"binary-expr","locations":[{"start":{"line":287,"column":8},"end":{"line":287,"column":20}},{"start":{"line":287,"column":24},"end":{"line":287,"column":34}}],"line":287},"16":{"loc":{"start":{"line":421,"column":15},"end":{"line":421,"column":31}},"type":"binary-expr","locations":[{"start":{"line":421,"column":15},"end":{"line":421,"column":25}},{"start":{"line":421,"column":29},"end":{"line":421,"column":31}}],"line":421},"17":{"loc":{"start":{"line":429,"column":4},"end":{"line":431,"column":5}},"type":"if","locations":[{"start":{"line":429,"column":4},"end":{"line":431,"column":5}},{"start":{},"end":{}}],"line":429},"18":{"loc":{"start":{"line":429,"column":8},"end":{"line":429,"column":41}},"type":"binary-expr","locations":[{"start":{"line":429,"column":8},"end":{"line":429,"column":16}},{"start":{"line":429,"column":20},"end":{"line":429,"column":25}},{"start":{"line":429,"column":29},"end":{"line":429,"column":41}}],"line":429},"19":{"loc":{"start":{"line":562,"column":15},"end":{"line":562,"column":31}},"type":"binary-expr","locations":[{"start":{"line":562,"column":15},"end":{"line":562,"column":25}},{"start":{"line":562,"column":29},"end":{"line":562,"column":31}}],"line":562},"20":{"loc":{"start":{"line":571,"column":4},"end":{"line":573,"column":5}},"type":"if","locations":[{"start":{"line":571,"column":4},"end":{"line":573,"column":5}},{"start":{},"end":{}}],"line":571},"21":{"loc":{"start":{"line":571,"column":8},"end":{"line":571,"column":66}},"type":"binary-expr","locations":[{"start":{"line":571,"column":8},"end":{"line":571,"column":14}},{"start":{"line":571,"column":18},"end":{"line":571,"column":25}},{"start":{"line":571,"column":29},"end":{"line":571,"column":38}},{"start":{"line":571,"column":42},"end":{"line":571,"column":50}},{"start":{"line":571,"column":54},"end":{"line":571,"column":66}}],"line":571},"22":{"loc":{"start":{"line":720,"column":15},"end":{"line":720,"column":31}},"type":"binary-expr","locations":[{"start":{"line":720,"column":15},"end":{"line":720,"column":25}},{"start":{"line":720,"column":29},"end":{"line":720,"column":31}}],"line":720},"23":{"loc":{"start":{"line":729,"column":4},"end":{"line":731,"column":5}},"type":"if","locations":[{"start":{"line":729,"column":4},"end":{"line":731,"column":5}},{"start":{},"end":{}}],"line":729},"24":{"loc":{"start":{"line":729,"column":8},"end":{"line":729,"column":74}},"type":"binary-expr","locations":[{"start":{"line":729,"column":8},"end":{"line":729,"column":13}},{"start":{"line":729,"column":17},"end":{"line":729,"column":29}},{"start":{"line":729,"column":33},"end":{"line":729,"column":46}},{"start":{"line":729,"column":50},"end":{"line":729,"column":58}},{"start":{"line":729,"column":62},"end":{"line":729,"column":74}}],"line":729},"25":{"loc":{"start":{"line":889,"column":15},"end":{"line":889,"column":31}},"type":"binary-expr","locations":[{"start":{"line":889,"column":15},"end":{"line":889,"column":25}},{"start":{"line":889,"column":29},"end":{"line":889,"column":31}}],"line":889},"26":{"loc":{"start":{"line":899,"column":4},"end":{"line":907,"column":5}},"type":"if","locations":[{"start":{"line":899,"column":4},"end":{"line":907,"column":5}},{"start":{},"end":{}}],"line":899},"27":{"loc":{"start":{"line":900,"column":6},"end":{"line":904,"column":18}},"type":"binary-expr","locations":[{"start":{"line":900,"column":6},"end":{"line":900,"column":11}},{"start":{"line":901,"column":6},"end":{"line":901,"column":21}},{"start":{"line":902,"column":6},"end":{"line":902,"column":27}},{"start":{"line":903,"column":6},"end":{"line":903,"column":14}},{"start":{"line":904,"column":6},"end":{"line":904,"column":18}}],"line":900},"28":{"loc":{"start":{"line":1012,"column":2},"end":{"line":1016,"column":3}},"type":"if","locations":[{"start":{"line":1012,"column":2},"end":{"line":1016,"column":3}},{"start":{},"end":{}}],"line":1012},"29":{"loc":{"start":{"line":1012,"column":6},"end":{"line":1012,"column":29}},"type":"binary-expr","locations":[{"start":{"line":1012,"column":6},"end":{"line":1012,"column":12}},{"start":{"line":1012,"column":16},"end":{"line":1012,"column":20}},{"start":{"line":1012,"column":24},"end":{"line":1012,"column":29}}],"line":1012},"30":{"loc":{"start":{"line":1061,"column":2},"end":{"line":1065,"column":3}},"type":"if","locations":[{"start":{"line":1061,"column":2},"end":{"line":1065,"column":3}},{"start":{},"end":{}}],"line":1061},"31":{"loc":{"start":{"line":1061,"column":6},"end":{"line":1061,"column":29}},"type":"binary-expr","locations":[{"start":{"line":1061,"column":6},"end":{"line":1061,"column":12}},{"start":{"line":1061,"column":16},"end":{"line":1061,"column":20}},{"start":{"line":1061,"column":24},"end":{"line":1061,"column":29}}],"line":1061},"32":{"loc":{"start":{"line":1137,"column":2},"end":{"line":1139,"column":3}},"type":"if","locations":[{"start":{"line":1137,"column":2},"end":{"line":1139,"column":3}},{"start":{},"end":{}}],"line":1137},"33":{"loc":{"start":{"line":1137,"column":6},"end":{"line":1137,"column":20}},"type":"binary-expr","locations":[{"start":{"line":1137,"column":6},"end":{"line":1137,"column":12}},{"start":{"line":1137,"column":16},"end":{"line":1137,"column":20}}],"line":1137},"34":{"loc":{"start":{"line":1146,"column":4},"end":{"line":1148,"column":5}},"type":"if","locations":[{"start":{"line":1146,"column":4},"end":{"line":1148,"column":5}},{"start":{},"end":{}}],"line":1146},"35":{"loc":{"start":{"line":1153,"column":4},"end":{"line":1155,"column":5}},"type":"if","locations":[{"start":{"line":1153,"column":4},"end":{"line":1155,"column":5}},{"start":{},"end":{}}],"line":1153},"36":{"loc":{"start":{"line":1160,"column":6},"end":{"line":1160,"column":54}},"type":"binary-expr","locations":[{"start":{"line":1160,"column":6},"end":{"line":1160,"column":28}},{"start":{"line":1160,"column":32},"end":{"line":1160,"column":54}}],"line":1160}},"s":{"0":7,"1":7,"2":7,"3":7,"4":7,"5":7,"6":7,"7":7,"8":7,"9":7,"10":7,"11":7,"12":7,"13":7,"14":7,"15":1,"16":1,"17":10,"18":10,"19":1,"20":7,"21":7,"22":7,"23":7,"24":7,"25":7,"26":7,"27":8,"28":8,"29":8,"30":8,"31":7,"32":0,"33":7,"34":7,"35":0,"36":7,"37":7,"38":6,"39":1,"40":1,"41":0,"42":1,"43":6,"44":1,"45":1,"46":0,"47":1,"48":6,"49":2,"50":2,"51":1,"52":1,"53":1,"54":0,"55":1,"56":6,"57":1,"58":1,"59":0,"60":1,"61":6,"62":1,"63":1,"64":0,"65":1,"66":6,"67":0,"68":0,"69":0,"70":0,"71":6,"72":0,"73":0,"74":0,"75":0,"76":6,"77":0,"78":0,"79":0,"80":0,"81":0,"82":0,"83":0,"84":6,"85":0,"86":0,"87":0,"88":0,"89":6,"90":0,"91":0,"92":0,"93":0,"94":6,"95":0,"96":0,"97":0,"98":0,"99":6,"100":0,"101":0,"102":0,"103":0,"104":6,"105":0,"106":0,"107":0,"108":0,"109":0,"110":0,"111":0,"112":6,"113":0,"114":0,"115":0,"116":0,"117":6,"118":0,"119":0,"120":0,"121":0,"122":6,"123":0,"124":0,"125":0,"126":0,"127":6,"128":0,"129":0,"130":0,"131":0,"132":6,"133":0,"134":0,"135":0,"136":0,"137":0,"138":0,"139":0,"140":6,"141":0,"142":0,"143":0,"144":0,"145":6,"146":0,"147":0,"148":0,"149":0,"150":6,"151":0,"152":0,"153":0,"154":0,"155":6,"156":0,"157":0,"158":0,"159":0,"160":6,"161":0,"162":0,"163":0,"164":0,"165":0,"166":0,"167":0,"168":6,"169":0,"170":0,"171":0,"172":0,"173":6,"174":0,"175":0,"176":0,"177":0,"178":6,"179":1,"180":7,"181":0,"182":0,"183":0,"184":0,"185":7,"186":0,"187":0,"188":0,"189":0,"190":0,"191":0,"192":0,"193":0,"194":0,"195":7,"196":0,"197":0,"198":0,"199":0,"200":0,"201":0,"202":0,"203":0,"204":0,"205":7,"206":0,"207":0,"208":0,"209":0,"210":7,"211":1,"212":1,"213":1,"214":0,"215":0,"216":0,"217":0,"218":0,"219":0,"220":0,"221":0,"222":0,"223":0,"224":0,"225":0,"226":7},"f":{"0":8,"1":0,"2":0,"3":1,"4":1,"5":2,"6":1,"7":1,"8":0,"9":0,"10":0,"11":0,"12":0,"13":0,"14":0,"15":0,"16":0,"17":0,"18":0,"19":0,"20":0,"21":0,"22":0,"23":0,"24":0,"25":0,"26":0,"27":0,"28":0,"29":0,"30":0,"31":0,"32":1},"b":{"0":[7,1],"1":[7,0],"2":[7,0],"3":[7,0],"4":[7,0],"5":[7,0],"6":[7,0],"7":[1,6],"8":[7,6],"9":[10,0],"10":[7,7],"11":[6,1],"12":[7,2,1,1],"13":[0,0],"14":[1,1],"15":[2,1],"16":[0,0],"17":[0,0],"18":[0,0,0],"19":[0,0],"20":[0,0],"21":[0,0,0,0,0],"22":[0,0],"23":[0,0],"24":[0,0,0,0,0],"25":[0,0],"26":[0,0],"27":[0,0,0,0,0],"28":[0,0],"29":[0,0,0],"30":[0,0],"31":[0,0,0],"32":[1,0],"33":[1,0],"34":[0,0],"35":[0,0],"36":[0,0]},"_coverageSchema":"1a1c01bbd47fc00a2c39e90264f33305004495a9","hash":"083498857989b48f18c602db81726fa93ab6fda5"}
,"C:\\Users\\Tristan\\Desktop\\epsi taff\\mspr\\api\\middleware\\verifyToken.js": {"path":"C:\\Users\\Tristan\\Desktop\\epsi taff\\mspr\\api\\middleware\\verifyToken.js","statementMap":{"0":{"start":{"line":1,"column":12},"end":{"line":1,"column":35}},"1":{"start":{"line":4,"column":23},"end":{"line":4,"column":51}},"2":{"start":{"line":6,"column":4},"end":{"line":8,"column":5}},"3":{"start":{"line":7,"column":8},"end":{"line":7,"column":65}},"4":{"start":{"line":10,"column":18},"end":{"line":10,"column":42}},"5":{"start":{"line":11,"column":4},"end":{"line":13,"column":5}},"6":{"start":{"line":12,"column":8},"end":{"line":12,"column":65}},"7":{"start":{"line":15,"column":4},"end":{"line":21,"column":7}},"8":{"start":{"line":16,"column":8},"end":{"line":18,"column":9}},"9":{"start":{"line":17,"column":12},"end":{"line":17,"column":79}},"10":{"start":{"line":19,"column":8},"end":{"line":19,"column":24}},"11":{"start":{"line":20,"column":8},"end":{"line":20,"column":15}},"12":{"start":{"line":24,"column":0},"end":{"line":24,"column":29}}},"fnMap":{"0":{"name":"verifyToken","decl":{"start":{"line":3,"column":9},"end":{"line":3,"column":20}},"loc":{"start":{"line":3,"column":37},"end":{"line":22,"column":1}},"line":3},"1":{"name":"(anonymous_1)","decl":{"start":{"line":15,"column":72},"end":{"line":15,"column":73}},"loc":{"start":{"line":15,"column":87},"end":{"line":21,"column":5}},"line":15}},"branchMap":{"0":{"loc":{"start":{"line":6,"column":4},"end":{"line":8,"column":5}},"type":"if","locations":[{"start":{"line":6,"column":4},"end":{"line":8,"column":5}},{"start":{},"end":{}}],"line":6},"1":{"loc":{"start":{"line":11,"column":4},"end":{"line":13,"column":5}},"type":"if","locations":[{"start":{"line":11,"column":4},"end":{"line":13,"column":5}},{"start":{},"end":{}}],"line":11},"2":{"loc":{"start":{"line":15,"column":22},"end":{"line":15,"column":70}},"type":"binary-expr","locations":[{"start":{"line":15,"column":22},"end":{"line":15,"column":44}},{"start":{"line":15,"column":48},"end":{"line":15,"column":70}}],"line":15},"3":{"loc":{"start":{"line":16,"column":8},"end":{"line":18,"column":9}},"type":"if","locations":[{"start":{"line":16,"column":8},"end":{"line":18,"column":9}},{"start":{},"end":{}}],"line":16}},"s":{"0":7,"1":0,"2":0,"3":0,"4":0,"5":0,"6":0,"7":0,"8":0,"9":0,"10":0,"11":0,"12":7},"f":{"0":0,"1":0},"b":{"0":[0,0],"1":[0,0],"2":[0,0],"3":[0,0]},"_coverageSchema":"1a1c01bbd47fc00a2c39e90264f33305004495a9","hash":"16747d164656e4aae3273440f24acab8064815f0"}
}
