TN:
SF:index.js
FN:94,(anonymous_0)
FN:104,(anonymous_1)
FN:108,(anonymous_2)
FN:243,(anonymous_3)
FN:252,(anonymous_4)
FN:285,(anonymous_5)
FN:309,(anonymous_6)
FN:332,(anonymous_7)
FN:404,(anonymous_8)
FN:415,(anonymous_9)
FN:427,(anonymous_10)
FN:440,(anonymous_11)
FN:452,(anonymous_12)
FN:535,(anonymous_13)
FN:550,(anonymous_14)
FN:569,(anonymous_15)
FN:586,(anonymous_16)
FN:599,(anonymous_17)
FN:693,(anonymous_18)
FN:708,(anonymous_19)
FN:727,(anonymous_20)
FN:744,(anonymous_21)
FN:757,(anonymous_22)
FN:862,(anonymous_23)
FN:877,(anonymous_24)
FN:896,(anonymous_25)
FN:920,(anonymous_26)
FN:933,(anonymous_27)
FN:963,(anonymous_28)
FN:1009,(anonymous_29)
FN:1058,(anonymous_30)
FN:1088,(anonymous_31)
FN:1134,(anonymous_32)
FNF:33
FNH:29
FNDA:47,(anonymous_0)
FNDA:0,(anonymous_1)
FNDA:0,(anonymous_2)
FNDA:2,(anonymous_3)
FNDA:2,(anonymous_4)
FNDA:2,(anonymous_5)
FNDA:1,(anonymous_6)
FNDA:1,(anonymous_7)
FNDA:2,(anonymous_8)
FNDA:1,(anonymous_9)
FNDA:2,(anonymous_10)
FNDA:1,(anonymous_11)
FNDA:1,(anonymous_12)
FNDA:2,(anonymous_13)
FNDA:1,(anonymous_14)
FNDA:2,(anonymous_15)
FNDA:1,(anonymous_16)
FNDA:1,(anonymous_17)
FNDA:2,(anonymous_18)
FNDA:1,(anonymous_19)
FNDA:2,(anonymous_20)
FNDA:1,(anonymous_21)
FNDA:1,(anonymous_22)
FNDA:2,(anonymous_23)
FNDA:1,(anonymous_24)
FNDA:2,(anonymous_25)
FNDA:1,(anonymous_26)
FNDA:1,(anonymous_27)
FNDA:1,(anonymous_28)
FNDA:1,(anonymous_29)
FNDA:0,(anonymous_30)
FNDA:0,(anonymous_31)
FNDA:3,(anonymous_32)
DA:1,10
DA:3,10
DA:4,10
DA:5,10
DA:6,10
DA:7,10
DA:8,10
DA:13,10
DA:14,10
DA:15,10
DA:18,10
DA:19,10
DA:43,10
DA:68,10
DA:71,10
DA:72,2
DA:73,2
DA:74,20
DA:75,20
DA:78,2
DA:83,10
DA:85,10
DA:87,10
DA:89,10
DA:91,10
DA:92,10
DA:94,10
DA:95,47
DA:96,47
DA:97,47
DA:101,47
DA:104,10
DA:106,10
DA:108,10
DA:109,0
DA:230,10
DA:235,10
DA:243,8
DA:244,2
DA:245,2
DA:246,1
DA:248,1
DA:252,8
DA:253,2
DA:254,2
DA:258,2
DA:260,0
DA:285,8
DA:286,2
DA:287,2
DA:288,1
DA:290,1
DA:291,1
DA:292,1
DA:294,0
DA:309,8
DA:310,1
DA:311,1
DA:315,1
DA:317,0
DA:332,8
DA:333,1
DA:334,1
DA:337,1
DA:339,0
DA:404,8
DA:405,2
DA:406,2
DA:409,1
DA:411,1
DA:415,8
DA:416,1
DA:417,1
DA:421,1
DA:423,0
DA:427,8
DA:428,2
DA:429,2
DA:430,1
DA:432,1
DA:433,1
DA:434,1
DA:436,0
DA:440,8
DA:441,1
DA:442,1
DA:446,1
DA:448,0
DA:452,8
DA:453,1
DA:454,1
DA:457,1
DA:459,0
DA:535,8
DA:536,2
DA:537,2
DA:543,1
DA:545,1
DA:550,8
DA:551,1
DA:552,1
DA:562,1
DA:564,0
DA:569,8
DA:570,2
DA:571,2
DA:572,1
DA:574,1
DA:575,1
DA:579,1
DA:581,0
DA:586,8
DA:587,1
DA:588,1
DA:592,1
DA:594,0
DA:599,8
DA:600,1
DA:601,1
DA:604,1
DA:606,0
DA:693,8
DA:694,2
DA:695,2
DA:701,1
DA:703,1
DA:708,8
DA:709,1
DA:710,1
DA:720,1
DA:722,0
DA:727,8
DA:728,2
DA:729,2
DA:730,1
DA:732,1
DA:733,1
DA:737,1
DA:739,0
DA:744,8
DA:745,1
DA:746,1
DA:750,1
DA:752,0
DA:757,8
DA:758,1
DA:759,1
DA:762,1
DA:764,0
DA:862,8
DA:863,2
DA:864,2
DA:870,1
DA:872,1
DA:877,8
DA:878,1
DA:879,1
DA:889,1
DA:891,0
DA:896,8
DA:898,2
DA:899,2
DA:906,1
DA:908,1
DA:909,1
DA:913,1
DA:915,0
DA:920,8
DA:921,1
DA:922,1
DA:926,1
DA:928,0
DA:933,8
DA:934,1
DA:935,1
DA:938,1
DA:940,0
DA:944,8
DA:946,2
DA:963,10
DA:964,1
DA:965,1
DA:966,1
DA:968,0
DA:1009,10
DA:1010,1
DA:1012,1
DA:1013,0
DA:1018,1
DA:1019,1
DA:1020,1
DA:1021,1
DA:1025,1
DA:1027,0
DA:1058,10
DA:1059,0
DA:1061,0
DA:1062,0
DA:1067,0
DA:1068,0
DA:1069,0
DA:1070,0
DA:1074,0
DA:1076,0
DA:1088,10
DA:1089,0
DA:1090,0
DA:1091,0
DA:1093,0
DA:1134,10
DA:1135,3
DA:1137,3
DA:1138,2
DA:1141,1
DA:1142,1
DA:1146,1
DA:1147,0
DA:1150,1
DA:1151,1
DA:1153,1
DA:1154,0
DA:1157,1
DA:1158,1
DA:1164,1
DA:1171,0
DA:1175,10
LF:226
LH:186
BRDA:14,0,0,10
BRDA:14,0,1,0
BRDA:19,1,0,10
BRDA:19,1,1,0
BRDA:44,2,0,10
BRDA:44,2,1,0
BRDA:45,3,0,10
BRDA:45,3,1,0
BRDA:46,4,0,10
BRDA:46,4,1,0
BRDA:47,5,0,10
BRDA:47,5,1,0
BRDA:48,6,0,10
BRDA:48,6,1,0
BRDA:71,7,0,2
BRDA:71,7,1,8
BRDA:71,8,0,10
BRDA:71,8,1,9
BRDA:74,9,0,20
BRDA:74,9,1,0
BRDA:89,10,0,10
BRDA:89,10,1,10
BRDA:235,11,0,8
BRDA:235,11,1,2
BRDA:236,12,0,10
BRDA:236,12,1,2
BRDA:236,12,2,2
BRDA:236,12,3,2
BRDA:258,13,0,2
BRDA:258,13,1,0
BRDA:287,14,0,1
BRDA:287,14,1,1
BRDA:287,15,0,2
BRDA:287,15,1,1
BRDA:421,16,0,1
BRDA:421,16,1,0
BRDA:429,17,0,1
BRDA:429,17,1,1
BRDA:429,18,0,2
BRDA:429,18,1,2
BRDA:429,18,2,1
BRDA:562,19,0,1
BRDA:562,19,1,0
BRDA:571,20,0,1
BRDA:571,20,1,1
BRDA:571,21,0,2
BRDA:571,21,1,2
BRDA:571,21,2,1
BRDA:571,21,3,1
BRDA:571,21,4,1
BRDA:720,22,0,1
BRDA:720,22,1,0
BRDA:729,23,0,1
BRDA:729,23,1,1
BRDA:729,24,0,2
BRDA:729,24,1,2
BRDA:729,24,2,1
BRDA:729,24,3,1
BRDA:729,24,4,1
BRDA:889,25,0,1
BRDA:889,25,1,0
BRDA:899,26,0,1
BRDA:899,26,1,1
BRDA:900,27,0,2
BRDA:900,27,1,2
BRDA:900,27,2,1
BRDA:900,27,3,1
BRDA:900,27,4,1
BRDA:1012,28,0,0
BRDA:1012,28,1,1
BRDA:1012,29,0,1
BRDA:1012,29,1,1
BRDA:1012,29,2,1
BRDA:1061,30,0,0
BRDA:1061,30,1,0
BRDA:1061,31,0,0
BRDA:1061,31,1,0
BRDA:1061,31,2,0
BRDA:1137,32,0,2
BRDA:1137,32,1,1
BRDA:1137,33,0,3
BRDA:1137,33,1,1
BRDA:1146,34,0,0
BRDA:1146,34,1,1
BRDA:1153,35,0,0
BRDA:1153,35,1,1
BRDA:1160,36,0,1
BRDA:1160,36,1,1
BRF:88
BRH:67
end_of_record
TN:
SF:middleware\verifyToken.js
FN:3,verifyToken
FN:15,(anonymous_1)
FNF:2
FNH:2
FNDA:5,verifyToken
FNDA:4,(anonymous_1)
DA:1,10
DA:4,5
DA:6,5
DA:7,1
DA:10,4
DA:11,4
DA:12,0
DA:15,4
DA:16,4
DA:17,3
DA:19,1
DA:20,1
DA:24,10
LF:13
LH:12
BRDA:6,0,0,1
BRDA:6,0,1,4
BRDA:11,1,0,0
BRDA:11,1,1,4
BRDA:15,2,0,4
BRDA:15,2,1,4
BRDA:16,3,0,3
BRDA:16,3,1,1
BRF:8
BRH:7
end_of_record
